#
# A fatal error has been detected by the Java Runtime Environment:
#
#  EXCEPTION_ACCESS_VIOLATION (0xc0000005) at pc=0x775c2d24, pid=3852, tid=1360
#
# JRE version: 7.0_02-b13
# Java VM: Java HotSpot(TM) Client VM (22.0-b10 mixed mode, sharing windows-x86 )
# Problematic frame:
# C  [ntdll.dll+0x52d24]
#
# Failed to write core dump. Minidumps are not enabled by default on client versions of Windows
#
# If you would like to submit a bug report, please visit:
#   http://bugreport.sun.com/bugreport/crash.jsp
# The crash happened outside the Java Virtual Machine in native code.
# See problematic frame for where to report the bug.
#

---------------  T H R E A D  ---------------

Current thread (0x007f9800):  JavaThread "main" [_thread_in_native, id=1360, stack(0x005b0000,0x00600000)]

siginfo: ExceptionCode=0xc0000005, writing address 0x00000000

Registers:
EAX=0x00000000, EBX=0x23f20001, ECX=0x0000008b, EDX=0x00000000
ESP=0x005ff358, EBP=0x005ff38c, ESI=0x33a79e74, EDI=0x23f20000
EIP=0x775c2d24, EFLAGS=0x00010206

Top of Stack: (sp=0x005ff358)
0x005ff358:   00000000 04140000 04511f98 775c2c78
0x005ff368:   04146b18 00000000 00000000 04146b10
0x005ff378:   005ff38c 771bc3d4 00000000 00000001
0x005ff388:   04511f90 005ff3a4 775c2c78 04511f98
0x005ff398:   005ff508 33913b01 04511f90 005ff3b8
0x005ff3a8:   771bc3d4 04140000 00000000 04511f98
0x005ff3b8:   005ff404 72364c39 04140000 00000000
0x005ff3c8:   04511f98 1370d519 005ff508 04511f98 

Instructions: (pc=0x775c2d24)
0x775c2d04:   08 2b 7d f4 33 c0 c1 ef 03 0f a4 f8 10 c1 e7 10
0x775c2d14:   c1 ea 10 0b df 0b c8 8b 06 c7 45 f8 01 00 00 00
0x775c2d24:   89 30 8b 45 e0 8b 55 e4 8d 7e 08 f0 0f c7 0f 3b
0x775c2d34:   45 e0 0f 85 8d 9a fc ff 3b 55 e4 0f 85 84 9a fc 


Register to memory mapping:

EAX=0x00000000 is an unknown value
EBX=0x23f20001 is an unallocated location in the heap
ECX=0x0000008b is an unknown value
EDX=0x00000000 is an unknown value
ESP=0x005ff358 is pointing into the stack for thread: 0x007f9800
EBP=0x005ff38c is pointing into the stack for thread: 0x007f9800
ESI=0x33a79e74 is an unallocated location in the heap
EDI=0x23f20000 is an unallocated location in the heap


Stack: [0x005b0000,0x00600000],  sp=0x005ff358,  free space=316k
Native frames: (J=compiled Java code, j=interpreted, Vv=VM code, C=native code)
C  [ntdll.dll+0x52d24]  RtlFreeHeap+0x12a
C  [ntdll.dll+0x52c78]  RtlFreeHeap+0x7e
C  [kernel32.dll+0x4c3d4]  HeapFree+0x14
C  [MSVCR80.dll+0x4c39]  free+0xcd
C  [highgui200.dll+0x1df8]  cv::Mat::operator _IplImage+0xc8
j  ExtVideoSource.stop()V+0
j  ExtVideoSource.run()V+63
j  CS440P0Main.main([Ljava/lang/String;)V+25
v  ~StubRoutines::call_stub
V  [jvm.dll+0x123c0a]
V  [jvm.dll+0x1c9e8e]
V  [jvm.dll+0x123c8d]
V  [jvm.dll+0xa92d4]
V  [jvm.dll+0xb3657]
C  [javaw.exe+0x1fe5]
C  [javaw.exe+0xa0cb]
C  [javaw.exe+0xa155]
C  [kernel32.dll+0x4ed6c]  BaseThreadInitThunk+0x12
C  [ntdll.dll+0x6377b]  RtlInitializeExceptionChain+0xef
C  [ntdll.dll+0x6374e]  RtlInitializeExceptionChain+0xc2

Java frames: (J=compiled Java code, j=interpreted, Vv=VM code)
j  ExtVideoSource.stop()V+0
j  ExtVideoSource.run()V+63
j  CS440P0Main.main([Ljava/lang/String;)V+25
v  ~StubRoutines::call_stub

---------------  P R O C E S S  ---------------

Java Threads: ( => current thread )
  0x04756c00 JavaThread "D3D Screen Updater" daemon [_thread_blocked, id=6128, stack(0x07e40000,0x07e90000)]
  0x04709400 JavaThread "AWT-EventQueue-0" [_thread_blocked, id=2208, stack(0x06870000,0x068c0000)]
  0x046d1400 JavaThread "AWT-Windows" daemon [_thread_in_native, id=5568, stack(0x04080000,0x040d0000)]
  0x019af800 JavaThread "AWT-Shutdown" [_thread_blocked, id=2536, stack(0x03c40000,0x03c90000)]
  0x019ad000 JavaThread "Java2D Disposer" daemon [_thread_blocked, id=5924, stack(0x04a70000,0x04ac0000)]
  0x01983c00 JavaThread "Service Thread" daemon [_thread_blocked, id=884, stack(0x03bf0000,0x03c40000)]
  0x01969c00 JavaThread "C1 CompilerThread0" daemon [_thread_blocked, id=4720, stack(0x03cc0000,0x03d10000)]
  0x01968800 JavaThread "Attach Listener" daemon [_thread_blocked, id=1872, stack(0x03b80000,0x03bd0000)]
  0x01965400 JavaThread "Signal Dispatcher" daemon [_thread_blocked, id=1544, stack(0x007a0000,0x007f0000)]
  0x01952400 JavaThread "Finalizer" daemon [_thread_blocked, id=4548, stack(0x00810000,0x00860000)]
  0x01950c00 JavaThread "Reference Handler" daemon [_thread_blocked, id=4384, stack(0x03af0000,0x03b40000)]
=>0x007f9800 JavaThread "main" [_thread_in_native, id=1360, stack(0x005b0000,0x00600000)]

Other Threads:
  0x0194ec00 VMThread [stack: 0x03aa0000,0x03af0000] [id=4972]
  0x0198f000 WatcherThread [stack: 0x03d30000,0x03d80000] [id=1432]

VM state:not at safepoint (normal execution)

VM Mutex/Monitor currently owned by a thread: None

Heap
 def new generation   total 4992K, used 3015K [0x23880000, 0x23de0000, 0x28dd0000)
  eden space 4480K,  67% used [0x23880000, 0x23b71f80, 0x23ce0000)
  from space 512K,   0% used [0x23ce0000, 0x23ce0028, 0x23d60000)
  to   space 512K,   0% used [0x23d60000, 0x23d60000, 0x23de0000)
 tenured generation   total 10944K, used 3210K [0x28dd0000, 0x29880000, 0x33880000)
   the space 10944K,  29% used [0x28dd0000, 0x290f2a00, 0x290f2a00, 0x29880000)
 compacting perm gen  total 12288K, used 747K [0x33880000, 0x34480000, 0x37880000)
   the space 12288K,   6% used [0x33880000, 0x3393af20, 0x3393b000, 0x34480000)
    ro space 10240K,  42% used [0x37880000, 0x37cbd448, 0x37cbd600, 0x38280000)
    rw space 12288K,  54% used [0x38280000, 0x388fe0c0, 0x388fe200, 0x38e80000)

Code Cache  [0x019b0000, 0x01a70000, 0x039b0000)
 total_blobs=329 nmethods=126 adapters=139 free_code_cache=32006Kb largest_free_block=32775104

Dynamic libraries:
0x008a0000 - 0x008cf000 	C:\Program Files\Java\jre7\bin\javaw.exe
0x77570000 - 0x776ac000 	C:\Windows\SYSTEM32\ntdll.dll
0x77170000 - 0x77244000 	C:\Windows\system32\kernel32.dll
0x759b0000 - 0x759fa000 	C:\Windows\system32\KERNELBASE.dll
0x75b30000 - 0x75bd0000 	C:\Windows\system32\ADVAPI32.dll
0x76c40000 - 0x76cec000 	C:\Windows\system32\msvcrt.dll
0x76e20000 - 0x76e39000 	C:\Windows\SYSTEM32\sechost.dll
0x77290000 - 0x77331000 	C:\Windows\system32\RPCRT4.dll
0x75a00000 - 0x75ac9000 	C:\Windows\system32\USER32.dll
0x77700000 - 0x7774e000 	C:\Windows\system32\GDI32.dll
0x76aa0000 - 0x76aaa000 	C:\Windows\system32\LPK.dll
0x770d0000 - 0x7716d000 	C:\Windows\system32\USP10.dll
0x74600000 - 0x7479e000 	C:\Windows\WinSxS\x86_microsoft.windows.common-controls_6595b64144ccf1df_6.0.7601.17514_none_41e6975e2bd6f2b2\COMCTL32.dll
0x75ad0000 - 0x75b27000 	C:\Windows\system32\SHLWAPI.dll
0x76ab0000 - 0x76acf000 	C:\Windows\system32\IMM32.DLL
0x77000000 - 0x770cc000 	C:\Windows\system32\MSCTF.dll
0x66010000 - 0x660ce000 	C:\Program Files\Java\jre7\bin\msvcr100.dll
0x60390000 - 0x606b8000 	C:\Program Files\Java\jre7\bin\client\jvm.dll
0x727a0000 - 0x727a7000 	C:\Windows\system32\WSOCK32.dll
0x77250000 - 0x77285000 	C:\Windows\system32\WS2_32.dll
0x76cf0000 - 0x76cf6000 	C:\Windows\system32\NSI.dll
0x73490000 - 0x734c2000 	C:\Windows\system32\WINMM.dll
0x776b0000 - 0x776b5000 	C:\Windows\system32\PSAPI.DLL
0x6dd00000 - 0x6dd0c000 	C:\Program Files\Java\jre7\bin\verify.dll
0x6b2c0000 - 0x6b2e0000 	C:\Program Files\Java\jre7\bin\java.dll
0x6b2e0000 - 0x6b2f3000 	C:\Program Files\Java\jre7\bin\zip.dll
0x10000000 - 0x1001d000 	C:\Users\TEMP.AD\Documents\CS440-p0\lib\ExtVideoSource.dll
0x03d80000 - 0x03f7f000 	C:\Program Files\OpenCV2.0\bin\cxcore200.dll
0x722d0000 - 0x72357000 	C:\Windows\WinSxS\x86_microsoft.vc80.crt_1fc8b3b9a1e18e3b_8.0.50727.6195_none_d09154e044272b9a\MSVCP80.dll
0x72360000 - 0x723fb000 	C:\Windows\WinSxS\x86_microsoft.vc80.crt_1fc8b3b9a1e18e3b_8.0.50727.6195_none_d09154e044272b9a\MSVCR80.dll
0x74960000 - 0x74970000 	C:\Windows\WinSxS\x86_microsoft.vc80.openmp_1fc8b3b9a1e18e3b_8.0.50727.6195_none_3b1209fdc9ac7774\vcomp.dll
0x039b0000 - 0x03a7a000 	C:\Program Files\OpenCV2.0\bin\highgui200.dll
0x76940000 - 0x76a9c000 	C:\Windows\system32\ole32.dll
0x72810000 - 0x72829000 	C:\Windows\system32\AVIFIL32.dll
0x6eb30000 - 0x6eb44000 	C:\Windows\system32\MSACM32.dll
0x6b380000 - 0x6b3a1000 	C:\Windows\system32\MSVFW32.dll
0x75bd0000 - 0x7681a000 	C:\Windows\system32\SHELL32.dll
0x6b360000 - 0x6b373000 	C:\Windows\system32\AVICAP32.dll
0x74be0000 - 0x74be9000 	C:\Windows\system32\VERSION.dll
0x6b340000 - 0x6b359000 	C:\Windows\system32\OLEPRO32.DLL
0x76b50000 - 0x76bdf000 	C:\Windows\system32\OLEAUT32.dll
0x613f0000 - 0x61511000 	C:\Windows\WinSxS\x86_microsoft.vc80.debugcrt_1fc8b3b9a1e18e3b_8.0.50727.6195_none_e4a70117006762dd\MSVCR80D.dll
0x60970000 - 0x60a6e000 	C:\Windows\WinSxS\x86_microsoft.vc80.debugcrt_1fc8b3b9a1e18e3b_8.0.50727.6195_none_e4a70117006762dd\MSVCP80D.dll
0x75680000 - 0x7568c000 	C:\Windows\system32\CRYPTBASE.dll
0x745c0000 - 0x74600000 	C:\Windows\system32\uxtheme.dll
0x60820000 - 0x60962000 	C:\Program Files\Java\jre7\bin\awt.dll
0x74190000 - 0x741a3000 	C:\Windows\system32\DWMAPI.DLL
0x5f070000 - 0x5f233000 	C:\Windows\system32\d3d9.dll
0x73050000 - 0x73056000 	C:\Windows\system32\d3d8thk.dll
0x5d7f0000 - 0x5e36f000 	C:\Windows\system32\nvd3dum.dll
0x73be0000 - 0x73c05000 	C:\Windows\system32\powrprof.dll
0x773d0000 - 0x7756d000 	C:\Windows\system32\SETUPAPI.dll
0x75980000 - 0x759a7000 	C:\Windows\system32\CFGMGR32.dll
0x757b0000 - 0x757c2000 	C:\Windows\system32\DEVOBJ.dll
0x6b310000 - 0x6b33a000 	C:\Program Files\Java\jre7\bin\fontmanager.dll
0x77340000 - 0x773c3000 	C:\Windows\system32\CLBCatQ.DLL
0x6b2a0000 - 0x6b2b4000 	C:\Windows\system32\devenum.dll
0x73cc0000 - 0x73ce1000 	C:\Windows\system32\ntmarta.dll
0x77750000 - 0x77795000 	C:\Windows\system32\WLDAP32.dll
0x75780000 - 0x757ad000 	C:\Windows\system32\WINTRUST.dll
0x757d0000 - 0x758ed000 	C:\Windows\system32\CRYPT32.dll
0x75770000 - 0x7577c000 	C:\Windows\system32\MSASN1.dll
0x73070000 - 0x7307b000 	C:\Windows\system32\msdmo.dll
0x6a290000 - 0x6a2c2000 	C:\Windows\system32\qcap.dll
0x5e370000 - 0x5e4e7000 	C:\Windows\system32\quartz.dll
0x6a250000 - 0x6a283000 	C:\Windows\system32\ksproxy.ax
0x733c0000 - 0x733c4000 	C:\Windows\system32\ksuser.dll
0x6eb20000 - 0x6eb29000 	C:\Windows\system32\vidcap.ax
0x6a230000 - 0x6a24d000 	C:\Windows\system32\kswdmcap.ax
0x72540000 - 0x7265c000 	C:\Windows\system32\MFC42.dll
0x724a0000 - 0x7252c000 	C:\Windows\system32\ODBC32.dll
0x72460000 - 0x72498000 	C:\Windows\system32\odbcint.dll
0x65000000 - 0x65080000 	C:\Windows\System32\qedit.dll
0x76ad0000 - 0x76b4b000 	C:\Windows\system32\COMDLG32.dll
0x747d0000 - 0x74960000 	C:\Windows\WinSxS\x86_microsoft.windows.gdiplus_6595b64144ccf1df_1.1.7601.17514_none_72d18a4386696c80\gdiplus.dll
0x61520000 - 0x61607000 	C:\Windows\system32\DDRAW.dll
0x6b3b0000 - 0x6b3b6000 	C:\Windows\system32\DCIMAN32.dll
0x60750000 - 0x6081c000 	C:\Windows\system32\D3DIM700.DLL

VM Arguments:
jvm_args: -Djava.library.path=./lib -Dfile.encoding=Cp1252 
java_command: CS440P0Main
Launcher Type: SUN_STANDARD

Environment Variables:
PATH=C:/Program Files/Java/jre7/bin/client;C:/Program Files/Java/jre7/bin;C:/Program Files/Java/jre7/lib/i386;C:\Windows\system32;C:\Windows;C:\Windows\System32\Wbem;C:\Windows\System32\WindowsPowerShell\v1.0\;c:\Program Files\Microsoft SQL Server\90\Tools\binn\;C:\Program Files\OpenCV2.0\bin;C:\apache-ant-1.8.2\bin;C:\MinGW\bin;C:\Program Files\7-Zip;C:\Program Files\MATLAB\R2011b\runtime\win32;C:\Program Files\MATLAB\R2011b\bin;C:\glut-3.7.6-bin;C:\Program Files\eclipse;
USERNAME=aengel1
OS=Windows_NT
PROCESSOR_IDENTIFIER=x86 Family 6 Model 23 Stepping 10, GenuineIntel



---------------  S Y S T E M  ---------------

OS: Windows 7 Build 7601 Service Pack 1

CPU:total 2 (2 cores per cpu, 1 threads per core) family 6 model 23 stepping 10, cmov, cx8, fxsr, mmx, sse, sse2, sse3, ssse3, sse4.1

Memory: 4k page, physical 3405424k(1864832k free), swap 6809092k(5113476k free)

vm_info: Java HotSpot(TM) Client VM (22.0-b10) for windows-x86 JRE (1.7.0_02-b13), built on Nov 17 2011 17:17:32 by "java_re" with unknown MS VC++:1600

time: Wed Jan 25 21:41:15 2012
elapsed time: 13 seconds

